0 info it worked if it ends with ok
1 verbose cli [ '/usr/bin/node', '/usr/bin/npm', 'install', '-g', 'n' ]
2 info using npm@3.5.2
3 info using node@v8.10.0
4 silly loadCurrentTree Starting
5 silly install loadCurrentTree
6 silly install readGlobalPackageData
7 silly fetchPackageMetaData n
8 silly fetchNamedPackageData n
9 silly mapToRegistry name n
10 silly mapToRegistry using default registry
11 silly mapToRegistry registry https://registry.npmjs.org/
12 silly mapToRegistry uri https://registry.npmjs.org/n
13 verbose request uri https://registry.npmjs.org/n
14 verbose request no auth needed
15 info attempt registry request try #1 at 12:43:06
16 verbose request id 050f6c32f0d04f69
17 http request GET https://registry.npmjs.org/n
18 http 200 https://registry.npmjs.org/n
19 verbose headers { date: 'Tue, 22 Sep 2020 07:13:08 GMT',
19 verbose headers   'content-type': 'application/json',
19 verbose headers   'transfer-encoding': 'chunked',
19 verbose headers   connection: 'keep-alive',
19 verbose headers   'set-cookie':
19 verbose headers    [ '__cfduid=d4e066a689d815c3c0e60415a164b00ed1600758788; expires=Thu, 22-Oct-20 07:13:08 GMT; path=/; domain=.npmjs.org; HttpOnly; SameSite=Lax' ],
19 verbose headers   'cf-ray': '5d6a38bcbdce5229-BOM',
19 verbose headers   age: '3872',
19 verbose headers   'cache-control': 'public, max-age=300',
19 verbose headers   etag: 'W/"2fff561a11adc6a7ba2cfbd0be110762"',
19 verbose headers   'last-modified': 'Sat, 25 Jul 2020 10:04:33 GMT',
19 verbose headers   vary: 'accept-encoding, accept',
19 verbose headers   'cf-cache-status': 'HIT',
19 verbose headers   'cf-request-id': '055641c9ee00005229ad8f9200000001',
19 verbose headers   'expect-ct': 'max-age=604800, report-uri="https://report-uri.cloudflare.com/cdn-cgi/beacon/expect-ct"',
19 verbose headers   server: 'cloudflare',
19 verbose headers   'content-encoding': 'gzip' }
20 silly get cb [ 200,
20 silly get   { date: 'Tue, 22 Sep 2020 07:13:08 GMT',
20 silly get     'content-type': 'application/json',
20 silly get     'transfer-encoding': 'chunked',
20 silly get     connection: 'keep-alive',
20 silly get     'set-cookie':
20 silly get      [ '__cfduid=d4e066a689d815c3c0e60415a164b00ed1600758788; expires=Thu, 22-Oct-20 07:13:08 GMT; path=/; domain=.npmjs.org; HttpOnly; SameSite=Lax' ],
20 silly get     'cf-ray': '5d6a38bcbdce5229-BOM',
20 silly get     age: '3872',
20 silly get     'cache-control': 'public, max-age=300',
20 silly get     etag: 'W/"2fff561a11adc6a7ba2cfbd0be110762"',
20 silly get     'last-modified': 'Sat, 25 Jul 2020 10:04:33 GMT',
20 silly get     vary: 'accept-encoding, accept',
20 silly get     'cf-cache-status': 'HIT',
20 silly get     'cf-request-id': '055641c9ee00005229ad8f9200000001',
20 silly get     'expect-ct': 'max-age=604800, report-uri="https://report-uri.cloudflare.com/cdn-cgi/beacon/expect-ct"',
20 silly get     server: 'cloudflare',
20 silly get     'content-encoding': 'gzip' } ]
21 verbose get saving n to /home/deepak/.npm/registry.npmjs.org/n/.cache.json
22 silly install normalizeTree
23 silly loadCurrentTree Finishing
24 silly loadIdealTree Starting
25 silly install loadIdealTree
26 silly cloneCurrentTree Starting
27 silly install cloneCurrentTreeToIdealTree
28 silly cloneCurrentTree Finishing
29 silly loadShrinkwrap Starting
30 silly install loadShrinkwrap
31 silly loadShrinkwrap Finishing
32 silly loadAllDepsIntoIdealTree Starting
33 silly install loadAllDepsIntoIdealTree
34 silly resolveWithNewModule n@6.7.0 checking installable status
35 silly cache add args [ 'n', null ]
36 verbose cache add spec n
37 silly cache add parsed spec Result {
37 silly cache add   raw: 'n',
37 silly cache add   scope: null,
37 silly cache add   name: 'n',
37 silly cache add   rawSpec: '',
37 silly cache add   spec: 'latest',
37 silly cache add   type: 'tag' }
38 silly addNamed n@latest
39 verbose addNamed "latest" is being treated as a dist-tag for n
40 info addNameTag [ 'n', 'latest' ]
41 silly mapToRegistry name n
42 silly mapToRegistry using default registry
43 silly mapToRegistry registry https://registry.npmjs.org/
44 silly mapToRegistry uri https://registry.npmjs.org/n
45 verbose addNameTag registry:https://registry.npmjs.org/n not in flight; fetching
46 verbose get https://registry.npmjs.org/n not expired, no request
47 silly addNameTag next cb for n with tag latest
48 silly addNamed n@6.7.0
49 verbose addNamed "6.7.0" is a plain semver version for n
50 silly mapToRegistry name n
51 silly mapToRegistry using default registry
52 silly mapToRegistry registry https://registry.npmjs.org/
53 silly mapToRegistry uri https://registry.npmjs.org/n
54 verbose addRemoteTarball https://registry.npmjs.org/n/-/n-6.7.0.tgz not in flight; adding
55 verbose addRemoteTarball [ 'https://registry.npmjs.org/n/-/n-6.7.0.tgz',
55 verbose addRemoteTarball   '95b4b5d338edb6959f2f4603400fcd093c372af1' ]
56 info retry fetch attempt 1 at 12:43:09
57 info attempt registry request try #1 at 12:43:09
58 http fetch GET https://registry.npmjs.org/n/-/n-6.7.0.tgz
59 http fetch 200 https://registry.npmjs.org/n/-/n-6.7.0.tgz
60 silly fetchAndShaCheck shasum 95b4b5d338edb6959f2f4603400fcd093c372af1
61 verbose addTmpTarball /tmp/npm-6384-9840b3c2/registry.npmjs.org/n/-/n-6.7.0.tgz not in flight; adding
62 verbose addTmpTarball already have metadata; skipping unpack for n@6.7.0
63 silly cache afterAdd n@6.7.0
64 verbose afterAdd /home/deepak/.npm/n/6.7.0/package/package.json not in flight; writing
65 verbose afterAdd /home/deepak/.npm/n/6.7.0/package/package.json written
66 silly loadAllDepsIntoIdealTree Finishing
67 silly idealTree:prePrune lib
67 silly idealTree:prePrune └── n@6.7.0
68 silly loadIdealTree Finishing
69 silly currentTree lib
70 silly idealTree lib
70 silly idealTree └── n@6.7.0
71 silly generateActionsToTake Starting
72 silly install generateActionsToTake
73 silly generateActionsToTake Finishing
74 silly diffTrees action count 1
75 silly diffTrees add n@6.7.0
76 silly decomposeActions action count 8
77 silly decomposeActions fetch n@6.7.0
78 silly decomposeActions extract n@6.7.0
79 silly decomposeActions test n@6.7.0
80 silly decomposeActions preinstall n@6.7.0
81 silly decomposeActions build n@6.7.0
82 silly decomposeActions install n@6.7.0
83 silly decomposeActions postinstall n@6.7.0
84 silly decomposeActions finalize n@6.7.0
85 silly executeActions Starting
86 silly install executeActions
87 silly doSerial global-install 0
88 silly doParallel fetch 1
89 verbose lock using /home/deepak/.npm/_locks/staging-3a08f0df5026584d.lock for /usr/local/lib/node_modules/.staging
90 silly doParallel extract 1
91 silly extract n@6.7.0
92 verbose unbuild lib/node_modules/.staging/n-3eb27508
93 silly gentlyRm /usr/local/lib/node_modules/.staging/n-3eb27508 is being purged from base /usr/local
94 verbose gentlyRm don't care about contents; nuking /usr/local/lib/node_modules/.staging/n-3eb27508
95 verbose tar unpack /home/deepak/.npm/n/6.7.0/package.tgz
96 verbose tar unpacking to /usr/local/lib/node_modules/.staging/n-3eb27508
97 silly gentlyRm /usr/local/lib/node_modules/.staging/n-3eb27508 is being purged
98 verbose gentlyRm don't care about contents; nuking /usr/local/lib/node_modules/.staging/n-3eb27508
99 silly gunzTarPerm modes [ '755', '644' ]
100 silly gunzTarPerm extractEntry package.json
101 silly gunzTarPerm extractEntry CHANGELOG.md
102 silly gunzTarPerm extractEntry LICENSE
103 silly gunzTarPerm extractEntry README.md
104 silly gunzTarPerm extractEntry bin/n
105 silly gentlyRm /usr/local/lib/node_modules/.staging/n-3eb27508/node_modules is being purged
106 verbose gentlyRm don't care about contents; nuking /usr/local/lib/node_modules/.staging/n-3eb27508/node_modules
107 silly doParallel preinstall 1
108 silly preinstall n@6.7.0 /usr/local/lib/node_modules/.staging/n-3eb27508
109 info lifecycle n@6.7.0~preinstall: n@6.7.0
110 silly lifecycle n@6.7.0~preinstall: no script for preinstall, continuing
111 silly doReverseSerial remove 0
112 silly doSerial move 0
113 silly doSerial finalize 1
114 silly finalize /usr/local/lib/node_modules/n
115 silly doSerial build 1
116 silly build n@6.7.0
117 info linkStuff n@6.7.0
118 silly linkStuff n@6.7.0 has /usr/local/lib/node_modules as its parent node_modules
119 silly linkStuff n@6.7.0 is part of a global install
120 silly linkStuff n@6.7.0 is installed into a global node_modules
121 silly linkStuff n@6.7.0 is installed into the top-level global node_modules
122 verbose linkBins n@6.7.0
123 verbose link bins [ { n: './bin/n' }, '/usr/local/bin', true ]
124 verbose linkMans n@6.7.0
125 silly gentlyRm /usr/local/bin/n is being gently removed
126 verbose unlock done using /home/deepak/.npm/_locks/staging-3a08f0df5026584d.lock for /usr/local/lib/node_modules/.staging
127 silly rollbackFailedOptional Starting
128 silly rollbackFailedOptional Finishing
129 silly runTopLevelLifecycles Starting
130 silly runTopLevelLifecycles Finishing
131 silly install printInstalled
132 verbose stack Error: EACCES: permission denied, symlink '../lib/node_modules/n/bin/n' -> '/usr/local/bin/n'
133 verbose cwd /home/deepak/students_inventory/model
134 error Linux 5.4.0-47-generic
135 error argv "/usr/bin/node" "/usr/bin/npm" "install" "-g" "n"
136 error node v8.10.0
137 error npm  v3.5.2
138 error path ../lib/node_modules/n/bin/n
139 error code EACCES
140 error errno -13
141 error syscall symlink
142 error Error: EACCES: permission denied, symlink '../lib/node_modules/n/bin/n' -> '/usr/local/bin/n'
142 error  { Error: EACCES: permission denied, symlink '../lib/node_modules/n/bin/n' -> '/usr/local/bin/n'
142 error   errno: -13,
142 error   code: 'EACCES',
142 error   syscall: 'symlink',
142 error   path: '../lib/node_modules/n/bin/n',
142 error   dest: '/usr/local/bin/n' }
143 error Please try running this command again as root/Administrator.
144 verbose exit [ -13, true ]
